Build started 2019/11/24 22:16:11.
     1>Project "E:\C++程序\123\123\123.vcxproj" on node 2 (build target(s)).
     1>InitializeBuildStatus:
         Touching "Debug\123.unsuccessfulbuild".
       ClCompile:
         D:\vs2010\VC\bin\CL.exe /c /ZI /nologo /W3 /WX- /Od /Oy- /D WIN32 /D _DEBUG /D _CONSOLE /D _UNICODE /D UNICODE /Gm /EHsc /RTC1 /MDd /GS /fp:precise /Zc:wchar_t /Zc:forScope /Fo"Debug\\" /Fd"Debug\vc100.pdb" /Gd /TP /analyze- /errorReport:prompt 123.cpp
         123.cpp
       ManifestResourceCompile:
         All outputs are up-to-date.
       Link:
         D:\vs2010\VC\bin\link.exe /ERRORREPORT:PROMPT /OUT:"E:\C++程序\123\Debug\123.exe" /INCREMENTAL /NOLOGO kernel32.lib user32.lib gdi32.lib winspool.lib comdlg32.lib advapi32.lib shell32.lib ole32.lib oleaut32.lib uuid.lib odbc32.lib odbccp32.lib /MANIFEST /ManifestFile:"Debug\123.exe.intermediate.manifest" /MANIFESTUAC:"level='asInvoker' uiAccess='false'" /DEBUG /PDB:"E:\C++程序\123\Debug\123.pdb" /SUBSYSTEM:CONSOLE /TLBID:1 /DYNAMICBASE /NXCOMPAT /IMPLIB:"E:\C++程序\123\Debug\123.lib" /MACHINE:X86 Debug\123.exe.embed.manifest.res
         Debug\123.obj
       Manifest:
         C:\Program Files (x86)\Microsoft SDKs\Windows\v7.0A\bin\mt.exe /nologo /verbose /out:"Debug\123.exe.embed.manifest" /manifest Debug\123.exe.intermediate.manifest
         All outputs are up-to-date.
       LinkEmbedManifest:
         All outputs are up-to-date.
         123.vcxproj -> E:\C++程序\123\Debug\123.exe
       FinalizeBuildStatus:
         Deleting file "Debug\123.unsuccessfulbuild".
         Touching "Debug\123.lastbuildstate".
     1>Done Building Project "E:\C++程序\123\123\123.vcxproj" (build target(s)).

Build succeeded.

Time Elapsed 00:00:01.46
